Arguments: 
  /usr/local/bin/node /usr/local/bin/yarn add bignumber.j

PATH: 
  /home/liran/.local/bin:/usr/local/sbin:/usr/local/bin:/usr/sbin:/usr/bin:/sbin:/bin:/usr/games:/usr/local/games:/snap/bin:/usr/local/go/bin:/home/liran/Development/GO/bin:/usr/local/mongodb/bin

Yarn version: 
  1.12.3

Node version: 
  11.4.0

Platform: 
  linux x64

Trace: 
  Error: https://registry.yarnpkg.com/bignumber.j: Not found
      at Request.params.callback [as _callback] (/usr/local/lib/node_modules/yarn/lib/cli.js:65894:18)
      at Request.self.callback (/usr/local/lib/node_modules/yarn/lib/cli.js:129018:22)
      at Request.emit (events.js:189:13)
      at Request.<anonymous> (/usr/local/lib/node_modules/yarn/lib/cli.js:129990:10)
      at Request.emit (events.js:189:13)
      at IncomingMessage.<anonymous> (/usr/local/lib/node_modules/yarn/lib/cli.js:129912:12)
      at Object.onceWrapper (events.js:277:13)
      at IncomingMessage.emit (events.js:194:15)
      at endReadableNT (_stream_readable.js:1107:12)
      at process.internalTickCallback (internal/process/next_tick.js:72:19)

npm manifest: 
  No manifest

yarn manifest: 
  No manifest

Lockfile: 
  No lockfile
